training data shape (96000, 2968, 3)
reduced training data shape (3840, 2968, 3)
******************** Starting KPCA ********************
Traceback (most recent call last):
  File "/data/nvanhoorn/A3F_newstructure/VCBC_A3F_GLU_mut/redoing_everything/analysis/kernel_PCA/final_scripts_noScaling_gamma10/precomputed/precomputed.py", line 62, in <module>
    precomputed_kernel_pca = kernel_pca_precomputed.fit(train_data)
                             ^^^^^^^^^^^^^^^^^^^^^^^^^^^^^^^^^^^^^^
  File "/cm/shared/apps/anaconda3/python3.12/lib/python3.12/site-packages/sklearn/base.py", line 1389, in wrapper
    return fit_method(estimator, *args, **kwargs)
           ^^^^^^^^^^^^^^^^^^^^^^^^^^^^^^^^^^^^^^
  File "/cm/shared/apps/anaconda3/python3.12/lib/python3.12/site-packages/sklearn/decomposition/_kernel_pca.py", line 441, in fit
    K = self._get_kernel(X)
        ^^^^^^^^^^^^^^^^^^^
  File "/cm/shared/apps/anaconda3/python3.12/lib/python3.12/site-packages/sklearn/decomposition/_kernel_pca.py", line 324, in _get_kernel
    return pairwise_kernels(
           ^^^^^^^^^^^^^^^^^
  File "/cm/shared/apps/anaconda3/python3.12/lib/python3.12/site-packages/sklearn/utils/_param_validation.py", line 189, in wrapper
    return func(*args, **kwargs)
           ^^^^^^^^^^^^^^^^^^^^^
  File "/cm/shared/apps/anaconda3/python3.12/lib/python3.12/site-packages/sklearn/metrics/pairwise.py", line 2662, in pairwise_kernels
    X, _ = check_pairwise_arrays(X, Y, precomputed=True)
           ^^^^^^^^^^^^^^^^^^^^^^^^^^^^^^^^^^^^^^^^^^^^^
  File "/cm/shared/apps/anaconda3/python3.12/lib/python3.12/site-packages/sklearn/metrics/pairwise.py", line 221, in check_pairwise_arrays
    raise ValueError(
ValueError: Precomputed metric requires shape (n_queries, n_indexed). Got (3840, 8904) for 3840 indexed.
